[2018-08-15 00:00:26] local.INFO: valoresPeriodoRegioesSelecionadas: 2a077c139ebd509114c3fc57b99e42605c71d780  
[2018-08-15 00:00:26] local.INFO: ==============valoresPeriodoRegioesSelecionadas==============  
[2018-08-15 00:00:26] local.INFO: =============================================================  
[2018-08-15 00:00:26] local.INFO: array (
  0 => 
  array (
    'query' => 'select spat.ed_territorios_uf.edterritorios_sigla as sigla, valores_series.valor, valores_series.periodo from "valores_series" inner join "spat"."ed_territorios_uf" on "valores_series"."regiao_id" = "spat"."ed_territorios_uf"."edterritorios_codigo" where ("valores_series"."serie_id" = ? and "valores_series"."periodo" >= ? and "valores_series"."periodo" <= ? and "valores_series"."tipo_regiao" = ?) and "spat"."ed_territorios_uf"."edterritorios_codigo" in (?, ?, ?, ?, ?, ?, ?, ?, ?, ?, ?, ?, ?, ?, ?, ?, ?, ?, ?, ?, ?, ?, ?, ?, ?, ?, ?) order by spat.ed_territorios_uf.edterritorios_codigo, valores_series.periodo asc',
    'bindings' => 
    array (
      0 => '2',
      1 => '1995-01-01',
      2 => '2019-01-01',
      3 => '3',
      4 => '11',
      5 => '12',
      6 => '13',
      7 => '14',
      8 => '15',
      9 => '16',
      10 => '17',
      11 => '23',
      12 => '27',
      13 => '29',
      14 => '33',
      15 => '35',
      16 => '53',
      17 => '21',
      18 => '22',
      19 => '24',
      20 => '25',
      21 => '26',
      22 => '28',
      23 => '31',
      24 => '32',
      25 => '41',
      26 => '42',
      27 => '43',
      28 => '50',
      29 => '51',
      30 => '52',
    ),
    'time' => 3.79,
  ),
)  
[2018-08-15 00:00:26] local.INFO: array (
  0 => 
  stdClass::__set_state(array(
     'sigla' => 'MG',
     'valor' => '12',
     'periodo' => '1997-01-01',
  )),
  1 => 
  stdClass::__set_state(array(
     'sigla' => 'MG',
     'valor' => '12',
     'periodo' => '1997-01-01',
  )),
  2 => 
  stdClass::__set_state(array(
     'sigla' => 'MG',
     'valor' => '12',
     'periodo' => '1999-01-01',
  )),
  3 => 
  stdClass::__set_state(array(
     'sigla' => 'MG',
     'valor' => '12',
     'periodo' => '2000-01-01',
  )),
  4 => 
  stdClass::__set_state(array(
     'sigla' => 'MG',
     'valor' => '12',
     'periodo' => '2001-01-01',
  )),
  5 => 
  stdClass::__set_state(array(
     'sigla' => 'MG',
     'valor' => '12',
     'periodo' => '2002-01-01',
  )),
  6 => 
  stdClass::__set_state(array(
     'sigla' => 'MG',
     'valor' => '12',
     'periodo' => '2003-01-01',
  )),
  7 => 
  stdClass::__set_state(array(
     'sigla' => 'MG',
     'valor' => '12',
     'periodo' => '2004-01-01',
  )),
  8 => 
  stdClass::__set_state(array(
     'sigla' => 'MG',
     'valor' => '12',
     'periodo' => '2005-01-01',
  )),
  9 => 
  stdClass::__set_state(array(
     'sigla' => 'MG',
     'valor' => '12',
     'periodo' => '2006-01-01',
  )),
  10 => 
  stdClass::__set_state(array(
     'sigla' => 'MG',
     'valor' => '12',
     'periodo' => '2007-01-01',
  )),
  11 => 
  stdClass::__set_state(array(
     'sigla' => 'MG',
     'valor' => '12',
     'periodo' => '2007-01-01',
  )),
  12 => 
  stdClass::__set_state(array(
     'sigla' => 'MG',
     'valor' => '12',
     'periodo' => '2009-01-01',
  )),
  13 => 
  stdClass::__set_state(array(
     'sigla' => 'MG',
     'valor' => '12',
     'periodo' => '2010-01-01',
  )),
  14 => 
  stdClass::__set_state(array(
     'sigla' => 'MG',
     'valor' => '12',
     'periodo' => '2012-01-01',
  )),
  15 => 
  stdClass::__set_state(array(
     'sigla' => 'MG',
     'valor' => '12',
     'periodo' => '2013-01-01',
  )),
  16 => 
  stdClass::__set_state(array(
     'sigla' => 'MG',
     'valor' => '12',
     'periodo' => '2014-01-01',
  )),
  17 => 
  stdClass::__set_state(array(
     'sigla' => 'MG',
     'valor' => '12',
     'periodo' => '2015-01-01',
  )),
  18 => 
  stdClass::__set_state(array(
     'sigla' => 'MG',
     'valor' => '32',
     'periodo' => '2016-01-01',
  )),
  19 => 
  stdClass::__set_state(array(
     'sigla' => 'MG',
     'valor' => '12',
     'periodo' => '2017-01-01',
  )),
  20 => 
  stdClass::__set_state(array(
     'sigla' => 'MG',
     'valor' => '12',
     'periodo' => '2017-01-01',
  )),
  21 => 
  stdClass::__set_state(array(
     'sigla' => 'MG',
     'valor' => '12',
     'periodo' => '2019-01-01',
  )),
  22 => 
  stdClass::__set_state(array(
     'sigla' => 'ES',
     'valor' => '35',
     'periodo' => '1997-01-01',
  )),
  23 => 
  stdClass::__set_state(array(
     'sigla' => 'ES',
     'valor' => '35',
     'periodo' => '1997-01-01',
  )),
  24 => 
  stdClass::__set_state(array(
     'sigla' => 'ES',
     'valor' => '35',
     'periodo' => '1999-01-01',
  )),
  25 => 
  stdClass::__set_state(array(
     'sigla' => 'ES',
     'valor' => '35',
     'periodo' => '2000-01-01',
  )),
  26 => 
  stdClass::__set_state(array(
     'sigla' => 'ES',
     'valor' => '35',
     'periodo' => '2001-01-01',
  )),
  27 => 
  stdClass::__set_state(array(
     'sigla' => 'ES',
     'valor' => '35',
     'periodo' => '2002-01-01',
  )),
  28 => 
  stdClass::__set_state(array(
     'sigla' => 'ES',
     'valor' => '35',
     'periodo' => '2003-01-01',
  )),
  29 => 
  stdClass::__set_state(array(
     'sigla' => 'ES',
     'valor' => '35',
     'periodo' => '2004-01-01',
  )),
  30 => 
  stdClass::__set_state(array(
     'sigla' => 'ES',
     'valor' => '35',
     'periodo' => '2005-01-01',
  )),
  31 => 
  stdClass::__set_state(array(
     'sigla' => 'ES',
     'valor' => '35',
     'periodo' => '2006-01-01',
  )),
  32 => 
  stdClass::__set_state(array(
     'sigla' => 'ES',
     'valor' => '35',
     'periodo' => '2007-01-01',
  )),
  33 => 
  stdClass::__set_state(array(
     'sigla' => 'ES',
     'valor' => '35',
     'periodo' => '2007-01-01',
  )),
  34 => 
  stdClass::__set_state(array(
     'sigla' => 'ES',
     'valor' => '35',
     'periodo' => '2009-01-01',
  )),
  35 => 
  stdClass::__set_state(array(
     'sigla' => 'ES',
     'valor' => '35',
     'periodo' => '2010-01-01',
  )),
  36 => 
  stdClass::__set_state(array(
     'sigla' => 'ES',
     'valor' => '35',
     'periodo' => '2012-01-01',
  )),
  37 => 
  stdClass::__set_state(array(
     'sigla' => 'ES',
     'valor' => '35',
     'periodo' => '2013-01-01',
  )),
  38 => 
  stdClass::__set_state(array(
     'sigla' => 'ES',
     'valor' => '35',
     'periodo' => '2014-01-01',
  )),
  39 => 
  stdClass::__set_state(array(
     'sigla' => 'ES',
     'valor' => '35',
     'periodo' => '2015-01-01',
  )),
  40 => 
  stdClass::__set_state(array(
     'sigla' => 'ES',
     'valor' => '15',
     'periodo' => '2016-01-01',
  )),
  41 => 
  stdClass::__set_state(array(
     'sigla' => 'ES',
     'valor' => '55',
     'periodo' => '2017-01-01',
  )),
  42 => 
  stdClass::__set_state(array(
     'sigla' => 'ES',
     'valor' => '55',
     'periodo' => '2017-01-01',
  )),
  43 => 
  stdClass::__set_state(array(
     'sigla' => 'ES',
     'valor' => '35',
     'periodo' => '2017-01-01',
  )),
  44 => 
  stdClass::__set_state(array(
     'sigla' => 'ES',
     'valor' => '55',
     'periodo' => '2019-01-01',
  )),
  45 => 
  stdClass::__set_state(array(
     'sigla' => 'RJ',
     'valor' => '12',
     'periodo' => '1995-01-01',
  )),
  46 => 
  stdClass::__set_state(array(
     'sigla' => 'RJ',
     'valor' => '41',
     'periodo' => '1997-01-01',
  )),
  47 => 
  stdClass::__set_state(array(
     'sigla' => 'RJ',
     'valor' => '41',
     'periodo' => '1997-01-01',
  )),
  48 => 
  stdClass::__set_state(array(
     'sigla' => 'RJ',
     'valor' => '41',
     'periodo' => '1999-01-01',
  )),
  49 => 
  stdClass::__set_state(array(
     'sigla' => 'RJ',
     'valor' => '41',
     'periodo' => '2000-01-01',
  )),
  50 => 
  stdClass::__set_state(array(
     'sigla' => 'RJ',
     'valor' => '41',
     'periodo' => '2001-01-01',
  )),
  51 => 
  stdClass::__set_state(array(
     'sigla' => 'RJ',
     'valor' => '41',
     'periodo' => '2002-01-01',
  )),
  52 => 
  stdClass::__set_state(array(
     'sigla' => 'RJ',
     'valor' => '41',
     'periodo' => '2003-01-01',
  )),
  53 => 
  stdClass::__set_state(array(
     'sigla' => 'RJ',
     'valor' => '41',
     'periodo' => '2004-01-01',
  )),
  54 => 
  stdClass::__set_state(array(
     'sigla' => 'RJ',
     'valor' => '41',
     'periodo' => '2005-01-01',
  )),
  55 => 
  stdClass::__set_state(array(
     'sigla' => 'RJ',
     'valor' => '41',
     'periodo' => '2006-01-01',
  )),
  56 => 
  stdClass::__set_state(array(
     'sigla' => 'RJ',
     'valor' => '41',
     'periodo' => '2007-01-01',
  )),
  57 => 
  stdClass::__set_state(array(
     'sigla' => 'RJ',
     'valor' => '41',
     'periodo' => '2007-01-01',
  )),
  58 => 
  stdClass::__set_state(array(
     'sigla' => 'RJ',
     'valor' => '41',
     'periodo' => '2009-01-01',
  )),
  59 => 
  stdClass::__set_state(array(
     'sigla' => 'RJ',
     'valor' => '41',
     'periodo' => '2010-01-01',
  )),
  60 => 
  stdClass::__set_state(array(
     'sigla' => 'RJ',
     'valor' => '41',
     'periodo' => '2012-01-01',
  )),
  61 => 
  stdClass::__set_state(array(
     'sigla' => 'RJ',
     'valor' => '41',
     'periodo' => '2013-01-01',
  )),
  62 => 
  stdClass::__set_state(array(
     'sigla' => 'RJ',
     'valor' => '41',
     'periodo' => '2014-01-01',
  )),
  63 => 
  stdClass::__set_state(array(
     'sigla' => 'RJ',
     'valor' => '41',
     'periodo' => '2015-01-01',
  )),
  64 => 
  stdClass::__set_state(array(
     'sigla' => 'RJ',
     'valor' => '41',
     'periodo' => '2016-01-01',
  )),
  65 => 
  stdClass::__set_state(array(
     'sigla' => 'RJ',
     'valor' => '41',
     'periodo' => '2017-01-01',
  )),
  66 => 
  stdClass::__set_state(array(
     'sigla' => 'RJ',
     'valor' => '41',
     'periodo' => '2017-01-01',
  )),
  67 => 
  stdClass::__set_state(array(
     'sigla' => 'RJ',
     'valor' => '41',
     'periodo' => '2019-01-01',
  )),
  68 => 
  stdClass::__set_state(array(
     'sigla' => 'SP',
     'valor' => '25',
     'periodo' => '1995-01-01',
  )),
  69 => 
  stdClass::__set_state(array(
     'sigla' => 'SP',
     'valor' => '17',
     'periodo' => '1997-01-01',
  )),
  70 => 
  stdClass::__set_state(array(
     'sigla' => 'SP',
     'valor' => '17',
     'periodo' => '1997-01-01',
  )),
  71 => 
  stdClass::__set_state(array(
     'sigla' => 'SP',
     'valor' => '17',
     'periodo' => '1999-01-01',
  )),
  72 => 
  stdClass::__set_state(array(
     'sigla' => 'SP',
     'valor' => '17',
     'periodo' => '2000-01-01',
  )),
  73 => 
  stdClass::__set_state(array(
     'sigla' => 'SP',
     'valor' => '17',
     'periodo' => '2001-01-01',
  )),
  74 => 
  stdClass::__set_state(array(
     'sigla' => 'SP',
     'valor' => '17',
     'periodo' => '2002-01-01',
  )),
  75 => 
  stdClass::__set_state(array(
     'sigla' => 'SP',
     'valor' => '17',
     'periodo' => '2003-01-01',
  )),
  76 => 
  stdClass::__set_state(array(
     'sigla' => 'SP',
     'valor' => '17',
     'periodo' => '2004-01-01',
  )),
  77 => 
  stdClass::__set_state(array(
     'sigla' => 'SP',
     'valor' => '17',
     'periodo' => '2005-01-01',
  )),
  78 => 
  stdClass::__set_state(array(
     'sigla' => 'SP',
     'valor' => '17',
     'periodo' => '2006-01-01',
  )),
  79 => 
  stdClass::__set_state(array(
     'sigla' => 'SP',
     'valor' => '17',
     'periodo' => '2007-01-01',
  )),
  80 => 
  stdClass::__set_state(array(
     'sigla' => 'SP',
     'valor' => '17',
     'periodo' => '2007-01-01',
  )),
  81 => 
  stdClass::__set_state(array(
     'sigla' => 'SP',
     'valor' => '17',
     'periodo' => '2009-01-01',
  )),
  82 => 
  stdClass::__set_state(array(
     'sigla' => 'SP',
     'valor' => '17',
     'periodo' => '2010-01-01',
  )),
  83 => 
  stdClass::__set_state(array(
     'sigla' => 'SP',
     'valor' => '17',
     'periodo' => '2012-01-01',
  )),
  84 => 
  stdClass::__set_state(array(
     'sigla' => 'SP',
     'valor' => '17',
     'periodo' => '2013-01-01',
  )),
  85 => 
  stdClass::__set_state(array(
     'sigla' => 'SP',
     'valor' => '17',
     'periodo' => '2014-01-01',
  )),
  86 => 
  stdClass::__set_state(array(
     'sigla' => 'SP',
     'valor' => '17',
     'periodo' => '2015-01-01',
  )),
  87 => 
  stdClass::__set_state(array(
     'sigla' => 'SP',
     'valor' => '41',
     'periodo' => '2016-01-01',
  )),
  88 => 
  stdClass::__set_state(array(
     'sigla' => 'SP',
     'valor' => '17',
     'periodo' => '2017-01-01',
  )),
  89 => 
  stdClass::__set_state(array(
     'sigla' => 'SP',
     'valor' => '31',
     'periodo' => '2017-01-01',
  )),
  90 => 
  stdClass::__set_state(array(
     'sigla' => 'SP',
     'valor' => '31',
     'periodo' => '2017-01-01',
  )),
  91 => 
  stdClass::__set_state(array(
     'sigla' => 'SP',
     'valor' => '31',
     'periodo' => '2019-01-01',
  )),
)  
[2018-08-15 00:00:26] local.INFO: =============================================================  
[2018-08-15 00:00:26] local.INFO: =============================================================  
[2018-08-15 00:00:26] local.INFO: array (
  0 => 
  array (
    'query' => 'select valores_series.valor, valores_series.periodo, spat.ed_territorios_uf.edterritorios_sigla as sigla, spat.ed_territorios_uf.edterritorios_nome as nome from "valores_series" inner join "spat"."ed_territorios_uf" on "valores_series"."regiao_id" = "spat"."ed_territorios_uf"."edterritorios_codigo" where "valores_series"."serie_id" = ? and "valores_series"."tipo_regiao" = ? and ("valores_series"."periodo" = ? or "valores_series"."periodo" = ?) and "spat"."ed_territorios_uf"."edterritorios_codigo" in (?, ?, ?, ?, ?, ?, ?, ?, ?, ?, ?, ?, ?, ?, ?, ?, ?, ?, ?, ?, ?, ?, ?, ?, ?, ?, ?) order by spat.ed_territorios_uf.edterritorios_sigla, valores_series.periodo asc',
    'bindings' => 
    array (
      0 => '2',
      1 => '3',
      2 => '1995-01-01',
      3 => '2019-01-01',
      4 => '11',
      5 => '12',
      6 => '13',
      7 => '14',
      8 => '15',
      9 => '16',
      10 => '17',
      11 => '23',
      12 => '27',
      13 => '29',
      14 => '33',
      15 => '35',
      16 => '53',
      17 => '21',
      18 => '22',
      19 => '24',
      20 => '25',
      21 => '26',
      22 => '28',
      23 => '31',
      24 => '32',
      25 => '41',
      26 => '42',
      27 => '43',
      28 => '50',
      29 => '51',
      30 => '52',
    ),
    'time' => 3.12,
  ),
)  
[2018-08-15 00:00:27] local.INFO: valoresPeriodoRegioesSelecionadas: 2a077c139ebd509114c3fc57b99e42605c71d780  
[2018-08-15 00:00:27] local.INFO: array (
  0 => 
  array (
    'query' => 'select valores_series.valor, valores_series.periodo, spat.ed_territorios_uf.edterritorios_sigla as sigla, spat.ed_territorios_uf.edterritorios_nome as nome from "valores_series" inner join "spat"."ed_territorios_uf" on "valores_series"."regiao_id" = "spat"."ed_territorios_uf"."edterritorios_codigo" where "valores_series"."serie_id" = ? and "valores_series"."tipo_regiao" = ? and ("valores_series"."periodo" = ? or "valores_series"."periodo" = ?) and "spat"."ed_territorios_uf"."edterritorios_codigo" in (?, ?, ?, ?, ?, ?, ?, ?, ?, ?, ?, ?, ?, ?, ?, ?, ?, ?, ?, ?, ?, ?, ?, ?, ?, ?, ?) order by spat.ed_territorios_uf.edterritorios_sigla, valores_series.periodo asc',
    'bindings' => 
    array (
      0 => '2',
      1 => '3',
      2 => '1995-01-01',
      3 => '2019-01-01',
      4 => '11',
      5 => '12',
      6 => '13',
      7 => '14',
      8 => '15',
      9 => '16',
      10 => '17',
      11 => '23',
      12 => '27',
      13 => '29',
      14 => '33',
      15 => '35',
      16 => '53',
      17 => '21',
      18 => '22',
      19 => '24',
      20 => '25',
      21 => '26',
      22 => '28',
      23 => '31',
      24 => '32',
      25 => '41',
      26 => '42',
      27 => '43',
      28 => '50',
      29 => '51',
      30 => '52',
    ),
    'time' => 3.47,
  ),
)  
[2018-08-15 00:00:27] local.INFO: ==============valoresPeriodoRegioesSelecionadas==============  
[2018-08-15 00:00:27] local.INFO: =============================================================  
[2018-08-15 00:00:27] local.INFO: array (
  0 => 
  array (
    'query' => 'select spat.ed_territorios_uf.edterritorios_sigla as sigla, valores_series.valor, valores_series.periodo from "valores_series" inner join "spat"."ed_territorios_uf" on "valores_series"."regiao_id" = "spat"."ed_territorios_uf"."edterritorios_codigo" where ("valores_series"."serie_id" = ? and "valores_series"."periodo" >= ? and "valores_series"."periodo" <= ? and "valores_series"."tipo_regiao" = ?) and "spat"."ed_territorios_uf"."edterritorios_codigo" in (?, ?, ?, ?, ?, ?, ?, ?, ?, ?, ?, ?, ?, ?, ?, ?, ?, ?, ?, ?, ?, ?, ?, ?, ?, ?, ?) order by spat.ed_territorios_uf.edterritorios_codigo, valores_series.periodo asc',
    'bindings' => 
    array (
      0 => '2',
      1 => '1995-01-01',
      2 => '2019-01-01',
      3 => '3',
      4 => '11',
      5 => '12',
      6 => '13',
      7 => '14',
      8 => '15',
      9 => '16',
      10 => '17',
      11 => '23',
      12 => '27',
      13 => '29',
      14 => '33',
      15 => '35',
      16 => '53',
      17 => '21',
      18 => '22',
      19 => '24',
      20 => '25',
      21 => '26',
      22 => '28',
      23 => '31',
      24 => '32',
      25 => '41',
      26 => '42',
      27 => '43',
      28 => '50',
      29 => '51',
      30 => '52',
    ),
    'time' => 13.08,
  ),
)  
[2018-08-15 00:00:27] local.INFO: array (
  0 => 
  stdClass::__set_state(array(
     'sigla' => 'MG',
     'valor' => '12',
     'periodo' => '1997-01-01',
  )),
  1 => 
  stdClass::__set_state(array(
     'sigla' => 'MG',
     'valor' => '12',
     'periodo' => '1997-01-01',
  )),
  2 => 
  stdClass::__set_state(array(
     'sigla' => 'MG',
     'valor' => '12',
     'periodo' => '1999-01-01',
  )),
  3 => 
  stdClass::__set_state(array(
     'sigla' => 'MG',
     'valor' => '12',
     'periodo' => '2000-01-01',
  )),
  4 => 
  stdClass::__set_state(array(
     'sigla' => 'MG',
     'valor' => '12',
     'periodo' => '2001-01-01',
  )),
  5 => 
  stdClass::__set_state(array(
     'sigla' => 'MG',
     'valor' => '12',
     'periodo' => '2002-01-01',
  )),
  6 => 
  stdClass::__set_state(array(
     'sigla' => 'MG',
     'valor' => '12',
     'periodo' => '2003-01-01',
  )),
  7 => 
  stdClass::__set_state(array(
     'sigla' => 'MG',
     'valor' => '12',
     'periodo' => '2004-01-01',
  )),
  8 => 
  stdClass::__set_state(array(
     'sigla' => 'MG',
     'valor' => '12',
     'periodo' => '2005-01-01',
  )),
  9 => 
  stdClass::__set_state(array(
     'sigla' => 'MG',
     'valor' => '12',
     'periodo' => '2006-01-01',
  )),
  10 => 
  stdClass::__set_state(array(
     'sigla' => 'MG',
     'valor' => '12',
     'periodo' => '2007-01-01',
  )),
  11 => 
  stdClass::__set_state(array(
     'sigla' => 'MG',
     'valor' => '12',
     'periodo' => '2007-01-01',
  )),
  12 => 
  stdClass::__set_state(array(
     'sigla' => 'MG',
     'valor' => '12',
     'periodo' => '2009-01-01',
  )),
  13 => 
  stdClass::__set_state(array(
     'sigla' => 'MG',
     'valor' => '12',
     'periodo' => '2010-01-01',
  )),
  14 => 
  stdClass::__set_state(array(
     'sigla' => 'MG',
     'valor' => '12',
     'periodo' => '2012-01-01',
  )),
  15 => 
  stdClass::__set_state(array(
     'sigla' => 'MG',
     'valor' => '12',
     'periodo' => '2013-01-01',
  )),
  16 => 
  stdClass::__set_state(array(
     'sigla' => 'MG',
     'valor' => '12',
     'periodo' => '2014-01-01',
  )),
  17 => 
  stdClass::__set_state(array(
     'sigla' => 'MG',
     'valor' => '12',
     'periodo' => '2015-01-01',
  )),
  18 => 
  stdClass::__set_state(array(
     'sigla' => 'MG',
     'valor' => '32',
     'periodo' => '2016-01-01',
  )),
  19 => 
  stdClass::__set_state(array(
     'sigla' => 'MG',
     'valor' => '12',
     'periodo' => '2017-01-01',
  )),
  20 => 
  stdClass::__set_state(array(
     'sigla' => 'MG',
     'valor' => '12',
     'periodo' => '2017-01-01',
  )),
  21 => 
  stdClass::__set_state(array(
     'sigla' => 'MG',
     'valor' => '12',
     'periodo' => '2019-01-01',
  )),
  22 => 
  stdClass::__set_state(array(
     'sigla' => 'ES',
     'valor' => '35',
     'periodo' => '1997-01-01',
  )),
  23 => 
  stdClass::__set_state(array(
     'sigla' => 'ES',
     'valor' => '35',
     'periodo' => '1997-01-01',
  )),
  24 => 
  stdClass::__set_state(array(
     'sigla' => 'ES',
     'valor' => '35',
     'periodo' => '1999-01-01',
  )),
  25 => 
  stdClass::__set_state(array(
     'sigla' => 'ES',
     'valor' => '35',
     'periodo' => '2000-01-01',
  )),
  26 => 
  stdClass::__set_state(array(
     'sigla' => 'ES',
     'valor' => '35',
     'periodo' => '2001-01-01',
  )),
  27 => 
  stdClass::__set_state(array(
     'sigla' => 'ES',
     'valor' => '35',
     'periodo' => '2002-01-01',
  )),
  28 => 
  stdClass::__set_state(array(
     'sigla' => 'ES',
     'valor' => '35',
     'periodo' => '2003-01-01',
  )),
  29 => 
  stdClass::__set_state(array(
     'sigla' => 'ES',
     'valor' => '35',
     'periodo' => '2004-01-01',
  )),
  30 => 
  stdClass::__set_state(array(
     'sigla' => 'ES',
     'valor' => '35',
     'periodo' => '2005-01-01',
  )),
  31 => 
  stdClass::__set_state(array(
     'sigla' => 'ES',
     'valor' => '35',
     'periodo' => '2006-01-01',
  )),
  32 => 
  stdClass::__set_state(array(
     'sigla' => 'ES',
     'valor' => '35',
     'periodo' => '2007-01-01',
  )),
  33 => 
  stdClass::__set_state(array(
     'sigla' => 'ES',
     'valor' => '35',
     'periodo' => '2007-01-01',
  )),
  34 => 
  stdClass::__set_state(array(
     'sigla' => 'ES',
     'valor' => '35',
     'periodo' => '2009-01-01',
  )),
  35 => 
  stdClass::__set_state(array(
     'sigla' => 'ES',
     'valor' => '35',
     'periodo' => '2010-01-01',
  )),
  36 => 
  stdClass::__set_state(array(
     'sigla' => 'ES',
     'valor' => '35',
     'periodo' => '2012-01-01',
  )),
  37 => 
  stdClass::__set_state(array(
     'sigla' => 'ES',
     'valor' => '35',
     'periodo' => '2013-01-01',
  )),
  38 => 
  stdClass::__set_state(array(
     'sigla' => 'ES',
     'valor' => '35',
     'periodo' => '2014-01-01',
  )),
  39 => 
  stdClass::__set_state(array(
     'sigla' => 'ES',
     'valor' => '35',
     'periodo' => '2015-01-01',
  )),
  40 => 
  stdClass::__set_state(array(
     'sigla' => 'ES',
     'valor' => '15',
     'periodo' => '2016-01-01',
  )),
  41 => 
  stdClass::__set_state(array(
     'sigla' => 'ES',
     'valor' => '55',
     'periodo' => '2017-01-01',
  )),
  42 => 
  stdClass::__set_state(array(
     'sigla' => 'ES',
     'valor' => '55',
     'periodo' => '2017-01-01',
  )),
  43 => 
  stdClass::__set_state(array(
     'sigla' => 'ES',
     'valor' => '35',
     'periodo' => '2017-01-01',
  )),
  44 => 
  stdClass::__set_state(array(
     'sigla' => 'ES',
     'valor' => '55',
     'periodo' => '2019-01-01',
  )),
  45 => 
  stdClass::__set_state(array(
     'sigla' => 'RJ',
     'valor' => '12',
     'periodo' => '1995-01-01',
  )),
  46 => 
  stdClass::__set_state(array(
     'sigla' => 'RJ',
     'valor' => '41',
     'periodo' => '1997-01-01',
  )),
  47 => 
  stdClass::__set_state(array(
     'sigla' => 'RJ',
     'valor' => '41',
     'periodo' => '1997-01-01',
  )),
  48 => 
  stdClass::__set_state(array(
     'sigla' => 'RJ',
     'valor' => '41',
     'periodo' => '1999-01-01',
  )),
  49 => 
  stdClass::__set_state(array(
     'sigla' => 'RJ',
     'valor' => '41',
     'periodo' => '2000-01-01',
  )),
  50 => 
  stdClass::__set_state(array(
     'sigla' => 'RJ',
     'valor' => '41',
     'periodo' => '2001-01-01',
  )),
  51 => 
  stdClass::__set_state(array(
     'sigla' => 'RJ',
     'valor' => '41',
     'periodo' => '2002-01-01',
  )),
  52 => 
  stdClass::__set_state(array(
     'sigla' => 'RJ',
     'valor' => '41',
     'periodo' => '2003-01-01',
  )),
  53 => 
  stdClass::__set_state(array(
     'sigla' => 'RJ',
     'valor' => '41',
     'periodo' => '2004-01-01',
  )),
  54 => 
  stdClass::__set_state(array(
     'sigla' => 'RJ',
     'valor' => '41',
     'periodo' => '2005-01-01',
  )),
  55 => 
  stdClass::__set_state(array(
     'sigla' => 'RJ',
     'valor' => '41',
     'periodo' => '2006-01-01',
  )),
  56 => 
  stdClass::__set_state(array(
     'sigla' => 'RJ',
     'valor' => '41',
     'periodo' => '2007-01-01',
  )),
  57 => 
  stdClass::__set_state(array(
     'sigla' => 'RJ',
     'valor' => '41',
     'periodo' => '2007-01-01',
  )),
  58 => 
  stdClass::__set_state(array(
     'sigla' => 'RJ',
     'valor' => '41',
     'periodo' => '2009-01-01',
  )),
  59 => 
  stdClass::__set_state(array(
     'sigla' => 'RJ',
     'valor' => '41',
     'periodo' => '2010-01-01',
  )),
  60 => 
  stdClass::__set_state(array(
     'sigla' => 'RJ',
     'valor' => '41',
     'periodo' => '2012-01-01',
  )),
  61 => 
  stdClass::__set_state(array(
     'sigla' => 'RJ',
     'valor' => '41',
     'periodo' => '2013-01-01',
  )),
  62 => 
  stdClass::__set_state(array(
     'sigla' => 'RJ',
     'valor' => '41',
     'periodo' => '2014-01-01',
  )),
  63 => 
  stdClass::__set_state(array(
     'sigla' => 'RJ',
     'valor' => '41',
     'periodo' => '2015-01-01',
  )),
  64 => 
  stdClass::__set_state(array(
     'sigla' => 'RJ',
     'valor' => '41',
     'periodo' => '2016-01-01',
  )),
  65 => 
  stdClass::__set_state(array(
     'sigla' => 'RJ',
     'valor' => '41',
     'periodo' => '2017-01-01',
  )),
  66 => 
  stdClass::__set_state(array(
     'sigla' => 'RJ',
     'valor' => '41',
     'periodo' => '2017-01-01',
  )),
  67 => 
  stdClass::__set_state(array(
     'sigla' => 'RJ',
     'valor' => '41',
     'periodo' => '2019-01-01',
  )),
  68 => 
  stdClass::__set_state(array(
     'sigla' => 'SP',
     'valor' => '25',
     'periodo' => '1995-01-01',
  )),
  69 => 
  stdClass::__set_state(array(
     'sigla' => 'SP',
     'valor' => '17',
     'periodo' => '1997-01-01',
  )),
  70 => 
  stdClass::__set_state(array(
     'sigla' => 'SP',
     'valor' => '17',
     'periodo' => '1997-01-01',
  )),
  71 => 
  stdClass::__set_state(array(
     'sigla' => 'SP',
     'valor' => '17',
     'periodo' => '1999-01-01',
  )),
  72 => 
  stdClass::__set_state(array(
     'sigla' => 'SP',
     'valor' => '17',
     'periodo' => '2000-01-01',
  )),
  73 => 
  stdClass::__set_state(array(
     'sigla' => 'SP',
     'valor' => '17',
     'periodo' => '2001-01-01',
  )),
  74 => 
  stdClass::__set_state(array(
     'sigla' => 'SP',
     'valor' => '17',
     'periodo' => '2002-01-01',
  )),
  75 => 
  stdClass::__set_state(array(
     'sigla' => 'SP',
     'valor' => '17',
     'periodo' => '2003-01-01',
  )),
  76 => 
  stdClass::__set_state(array(
     'sigla' => 'SP',
     'valor' => '17',
     'periodo' => '2004-01-01',
  )),
  77 => 
  stdClass::__set_state(array(
     'sigla' => 'SP',
     'valor' => '17',
     'periodo' => '2005-01-01',
  )),
  78 => 
  stdClass::__set_state(array(
     'sigla' => 'SP',
     'valor' => '17',
     'periodo' => '2006-01-01',
  )),
  79 => 
  stdClass::__set_state(array(
     'sigla' => 'SP',
     'valor' => '17',
     'periodo' => '2007-01-01',
  )),
  80 => 
  stdClass::__set_state(array(
     'sigla' => 'SP',
     'valor' => '17',
     'periodo' => '2007-01-01',
  )),
  81 => 
  stdClass::__set_state(array(
     'sigla' => 'SP',
     'valor' => '17',
     'periodo' => '2009-01-01',
  )),
  82 => 
  stdClass::__set_state(array(
     'sigla' => 'SP',
     'valor' => '17',
     'periodo' => '2010-01-01',
  )),
  83 => 
  stdClass::__set_state(array(
     'sigla' => 'SP',
     'valor' => '17',
     'periodo' => '2012-01-01',
  )),
  84 => 
  stdClass::__set_state(array(
     'sigla' => 'SP',
     'valor' => '17',
     'periodo' => '2013-01-01',
  )),
  85 => 
  stdClass::__set_state(array(
     'sigla' => 'SP',
     'valor' => '17',
     'periodo' => '2014-01-01',
  )),
  86 => 
  stdClass::__set_state(array(
     'sigla' => 'SP',
     'valor' => '17',
     'periodo' => '2015-01-01',
  )),
  87 => 
  stdClass::__set_state(array(
     'sigla' => 'SP',
     'valor' => '41',
     'periodo' => '2016-01-01',
  )),
  88 => 
  stdClass::__set_state(array(
     'sigla' => 'SP',
     'valor' => '17',
     'periodo' => '2017-01-01',
  )),
  89 => 
  stdClass::__set_state(array(
     'sigla' => 'SP',
     'valor' => '31',
     'periodo' => '2017-01-01',
  )),
  90 => 
  stdClass::__set_state(array(
     'sigla' => 'SP',
     'valor' => '31',
     'periodo' => '2017-01-01',
  )),
  91 => 
  stdClass::__set_state(array(
     'sigla' => 'SP',
     'valor' => '31',
     'periodo' => '2019-01-01',
  )),
)  
[2018-08-15 00:00:27] local.INFO: =============================================================  
[2018-08-15 00:00:27] local.INFO: =============================================================  
[2018-08-15 00:00:27] local.INFO: ======================================================================  
[2018-08-15 00:00:27] local.INFO: array (
  0 => 
  array (
    'query' => 'select 
                    ST_AsGeoJSON(spat.ed_territorios_uf.edterritorios_geometry) as geometry, 
                    valores_series.valor as total, 
                    spat.ed_territorios_uf.edterritorios_sigla as sigla,
                    spat.ed_territorios_uf.edterritorios_nome as nome, 
                    ST_X(spat.ed_territorios_uf.edterritorios_centroide) as x, 
                    ST_Y(spat.ed_territorios_uf.edterritorios_centroide) as y
                     from "valores_series" inner join "spat"."ed_territorios_uf" on "valores_series"."regiao_id" = "spat"."ed_territorios_uf"."edterritorios_codigo" where ("valores_series"."serie_id" = ? and "valores_series"."periodo" = ? and "valores_series"."tipo_regiao" = ?) and "spat"."ed_territorios_uf"."edterritorios_data_inicial" <= ? and "spat"."ed_territorios_uf"."edterritorios_data_final" >= ? and "spat"."ed_territorios_uf"."edterritorios_codigo" in (?, ?, ?, ?, ?, ?, ?, ?, ?, ?, ?, ?, ?, ?, ?, ?, ?, ?, ?, ?, ?, ?, ?, ?, ?, ?, ?) order by "total" asc',
    'bindings' => 
    array (
      0 => '2',
      1 => '1995-01-01',
      2 => '3',
      3 => '1995-01-01',
      4 => '1995-01-01',
      5 => '11',
      6 => '12',
      7 => '13',
      8 => '14',
      9 => '15',
      10 => '16',
      11 => '17',
      12 => '23',
      13 => '27',
      14 => '29',
      15 => '33',
      16 => '35',
      17 => '53',
      18 => '21',
      19 => '22',
      20 => '24',
      21 => '25',
      22 => '26',
      23 => '28',
      24 => '31',
      25 => '32',
      26 => '41',
      27 => '42',
      28 => '43',
      29 => '50',
      30 => '51',
      31 => '52',
    ),
    'time' => 33.45,
  ),
  1 => 
  array (
    'query' => 'select   
                    ST_AsGeoJSON(ST_ConvexHull(ST_Collect(spat.ed_territorios_uf.edterritorios_bounding_box)))  as bounding_box_total
                     from "valores_series" inner join "spat"."ed_territorios_uf" on "valores_series"."regiao_id" = "spat"."ed_territorios_uf"."edterritorios_codigo" where ("valores_series"."serie_id" = ? and "valores_series"."periodo" = ? and "valores_series"."tipo_regiao" = ?) and "spat"."ed_territorios_uf"."edterritorios_data_inicial" <= ? and "spat"."ed_territorios_uf"."edterritorios_data_final" >= ? and "spat"."ed_territorios_uf"."edterritorios_codigo" in (?, ?, ?, ?, ?, ?, ?, ?, ?, ?, ?, ?, ?, ?, ?, ?, ?, ?, ?, ?, ?, ?, ?, ?, ?, ?, ?)',
    'bindings' => 
    array (
      0 => '2',
      1 => '1995-01-01',
      2 => '3',
      3 => '1995-01-01',
      4 => '1995-01-01',
      5 => '11',
      6 => '12',
      7 => '13',
      8 => '14',
      9 => '15',
      10 => '16',
      11 => '17',
      12 => '23',
      13 => '27',
      14 => '29',
      15 => '33',
      16 => '35',
      17 => '53',
      18 => '21',
      19 => '22',
      20 => '24',
      21 => '25',
      22 => '26',
      23 => '28',
      24 => '31',
      25 => '32',
      26 => '41',
      27 => '42',
      28 => '43',
      29 => '50',
      30 => '51',
      31 => '52',
    ),
    'time' => 1.24,
  ),
)  
[2018-08-15 00:00:27] local.INFO: valoresPeriodoRegioesSelecionadas: 2a077c139ebd509114c3fc57b99e42605c71d780  
[2018-08-15 00:00:27] local.INFO: ==============valoresPeriodoRegioesSelecionadas==============  
[2018-08-15 00:00:27] local.INFO: =============================================================  
[2018-08-15 00:00:27] local.INFO: array (
  0 => 
  array (
    'query' => 'select spat.ed_territorios_uf.edterritorios_sigla as sigla, valores_series.valor, valores_series.periodo from "valores_series" inner join "spat"."ed_territorios_uf" on "valores_series"."regiao_id" = "spat"."ed_territorios_uf"."edterritorios_codigo" where ("valores_series"."serie_id" = ? and "valores_series"."periodo" >= ? and "valores_series"."periodo" <= ? and "valores_series"."tipo_regiao" = ?) and "spat"."ed_territorios_uf"."edterritorios_codigo" in (?, ?, ?, ?, ?, ?, ?, ?, ?, ?, ?, ?, ?, ?, ?, ?, ?, ?, ?, ?, ?, ?, ?, ?, ?, ?, ?) order by spat.ed_territorios_uf.edterritorios_codigo, valores_series.periodo asc',
    'bindings' => 
    array (
      0 => '2',
      1 => '1995-01-01',
      2 => '2019-01-01',
      3 => '3',
      4 => '11',
      5 => '12',
      6 => '13',
      7 => '14',
      8 => '15',
      9 => '16',
      10 => '17',
      11 => '23',
      12 => '27',
      13 => '29',
      14 => '33',
      15 => '35',
      16 => '53',
      17 => '21',
      18 => '22',
      19 => '24',
      20 => '25',
      21 => '26',
      22 => '28',
      23 => '31',
      24 => '32',
      25 => '41',
      26 => '42',
      27 => '43',
      28 => '50',
      29 => '51',
      30 => '52',
    ),
    'time' => 4.33,
  ),
)  
[2018-08-15 00:00:27] local.INFO: array (
  0 => 
  stdClass::__set_state(array(
     'sigla' => 'MG',
     'valor' => '12',
     'periodo' => '1997-01-01',
  )),
  1 => 
  stdClass::__set_state(array(
     'sigla' => 'MG',
     'valor' => '12',
     'periodo' => '1997-01-01',
  )),
  2 => 
  stdClass::__set_state(array(
     'sigla' => 'MG',
     'valor' => '12',
     'periodo' => '1999-01-01',
  )),
  3 => 
  stdClass::__set_state(array(
     'sigla' => 'MG',
     'valor' => '12',
     'periodo' => '2000-01-01',
  )),
  4 => 
  stdClass::__set_state(array(
     'sigla' => 'MG',
     'valor' => '12',
     'periodo' => '2001-01-01',
  )),
  5 => 
  stdClass::__set_state(array(
     'sigla' => 'MG',
     'valor' => '12',
     'periodo' => '2002-01-01',
  )),
  6 => 
  stdClass::__set_state(array(
     'sigla' => 'MG',
     'valor' => '12',
     'periodo' => '2003-01-01',
  )),
  7 => 
  stdClass::__set_state(array(
     'sigla' => 'MG',
     'valor' => '12',
     'periodo' => '2004-01-01',
  )),
  8 => 
  stdClass::__set_state(array(
     'sigla' => 'MG',
     'valor' => '12',
     'periodo' => '2005-01-01',
  )),
  9 => 
  stdClass::__set_state(array(
     'sigla' => 'MG',
     'valor' => '12',
     'periodo' => '2006-01-01',
  )),
  10 => 
  stdClass::__set_state(array(
     'sigla' => 'MG',
     'valor' => '12',
     'periodo' => '2007-01-01',
  )),
  11 => 
  stdClass::__set_state(array(
     'sigla' => 'MG',
     'valor' => '12',
     'periodo' => '2007-01-01',
  )),
  12 => 
  stdClass::__set_state(array(
     'sigla' => 'MG',
     'valor' => '12',
     'periodo' => '2009-01-01',
  )),
  13 => 
  stdClass::__set_state(array(
     'sigla' => 'MG',
     'valor' => '12',
     'periodo' => '2010-01-01',
  )),
  14 => 
  stdClass::__set_state(array(
     'sigla' => 'MG',
     'valor' => '12',
     'periodo' => '2012-01-01',
  )),
  15 => 
  stdClass::__set_state(array(
     'sigla' => 'MG',
     'valor' => '12',
     'periodo' => '2013-01-01',
  )),
  16 => 
  stdClass::__set_state(array(
     'sigla' => 'MG',
     'valor' => '12',
     'periodo' => '2014-01-01',
  )),
  17 => 
  stdClass::__set_state(array(
     'sigla' => 'MG',
     'valor' => '12',
     'periodo' => '2015-01-01',
  )),
  18 => 
  stdClass::__set_state(array(
     'sigla' => 'MG',
     'valor' => '32',
     'periodo' => '2016-01-01',
  )),
  19 => 
  stdClass::__set_state(array(
     'sigla' => 'MG',
     'valor' => '12',
     'periodo' => '2017-01-01',
  )),
  20 => 
  stdClass::__set_state(array(
     'sigla' => 'MG',
     'valor' => '12',
     'periodo' => '2017-01-01',
  )),
  21 => 
  stdClass::__set_state(array(
     'sigla' => 'MG',
     'valor' => '12',
     'periodo' => '2019-01-01',
  )),
  22 => 
  stdClass::__set_state(array(
     'sigla' => 'ES',
     'valor' => '35',
     'periodo' => '1997-01-01',
  )),
  23 => 
  stdClass::__set_state(array(
     'sigla' => 'ES',
     'valor' => '35',
     'periodo' => '1997-01-01',
  )),
  24 => 
  stdClass::__set_state(array(
     'sigla' => 'ES',
     'valor' => '35',
     'periodo' => '1999-01-01',
  )),
  25 => 
  stdClass::__set_state(array(
     'sigla' => 'ES',
     'valor' => '35',
     'periodo' => '2000-01-01',
  )),
  26 => 
  stdClass::__set_state(array(
     'sigla' => 'ES',
     'valor' => '35',
     'periodo' => '2001-01-01',
  )),
  27 => 
  stdClass::__set_state(array(
     'sigla' => 'ES',
     'valor' => '35',
     'periodo' => '2002-01-01',
  )),
  28 => 
  stdClass::__set_state(array(
     'sigla' => 'ES',
     'valor' => '35',
     'periodo' => '2003-01-01',
  )),
  29 => 
  stdClass::__set_state(array(
     'sigla' => 'ES',
     'valor' => '35',
     'periodo' => '2004-01-01',
  )),
  30 => 
  stdClass::__set_state(array(
     'sigla' => 'ES',
     'valor' => '35',
     'periodo' => '2005-01-01',
  )),
  31 => 
  stdClass::__set_state(array(
     'sigla' => 'ES',
     'valor' => '35',
     'periodo' => '2006-01-01',
  )),
  32 => 
  stdClass::__set_state(array(
     'sigla' => 'ES',
     'valor' => '35',
     'periodo' => '2007-01-01',
  )),
  33 => 
  stdClass::__set_state(array(
     'sigla' => 'ES',
     'valor' => '35',
     'periodo' => '2007-01-01',
  )),
  34 => 
  stdClass::__set_state(array(
     'sigla' => 'ES',
     'valor' => '35',
     'periodo' => '2009-01-01',
  )),
  35 => 
  stdClass::__set_state(array(
     'sigla' => 'ES',
     'valor' => '35',
     'periodo' => '2010-01-01',
  )),
  36 => 
  stdClass::__set_state(array(
     'sigla' => 'ES',
     'valor' => '35',
     'periodo' => '2012-01-01',
  )),
  37 => 
  stdClass::__set_state(array(
     'sigla' => 'ES',
     'valor' => '35',
     'periodo' => '2013-01-01',
  )),
  38 => 
  stdClass::__set_state(array(
     'sigla' => 'ES',
     'valor' => '35',
     'periodo' => '2014-01-01',
  )),
  39 => 
  stdClass::__set_state(array(
     'sigla' => 'ES',
     'valor' => '35',
     'periodo' => '2015-01-01',
  )),
  40 => 
  stdClass::__set_state(array(
     'sigla' => 'ES',
     'valor' => '15',
     'periodo' => '2016-01-01',
  )),
  41 => 
  stdClass::__set_state(array(
     'sigla' => 'ES',
     'valor' => '55',
     'periodo' => '2017-01-01',
  )),
  42 => 
  stdClass::__set_state(array(
     'sigla' => 'ES',
     'valor' => '55',
     'periodo' => '2017-01-01',
  )),
  43 => 
  stdClass::__set_state(array(
     'sigla' => 'ES',
     'valor' => '35',
     'periodo' => '2017-01-01',
  )),
  44 => 
  stdClass::__set_state(array(
     'sigla' => 'ES',
     'valor' => '55',
     'periodo' => '2019-01-01',
  )),
  45 => 
  stdClass::__set_state(array(
     'sigla' => 'RJ',
     'valor' => '12',
     'periodo' => '1995-01-01',
  )),
  46 => 
  stdClass::__set_state(array(
     'sigla' => 'RJ',
     'valor' => '41',
     'periodo' => '1997-01-01',
  )),
  47 => 
  stdClass::__set_state(array(
     'sigla' => 'RJ',
     'valor' => '41',
     'periodo' => '1997-01-01',
  )),
  48 => 
  stdClass::__set_state(array(
     'sigla' => 'RJ',
     'valor' => '41',
     'periodo' => '1999-01-01',
  )),
  49 => 
  stdClass::__set_state(array(
     'sigla' => 'RJ',
     'valor' => '41',
     'periodo' => '2000-01-01',
  )),
  50 => 
  stdClass::__set_state(array(
     'sigla' => 'RJ',
     'valor' => '41',
     'periodo' => '2001-01-01',
  )),
  51 => 
  stdClass::__set_state(array(
     'sigla' => 'RJ',
     'valor' => '41',
     'periodo' => '2002-01-01',
  )),
  52 => 
  stdClass::__set_state(array(
     'sigla' => 'RJ',
     'valor' => '41',
     'periodo' => '2003-01-01',
  )),
  53 => 
  stdClass::__set_state(array(
     'sigla' => 'RJ',
     'valor' => '41',
     'periodo' => '2004-01-01',
  )),
  54 => 
  stdClass::__set_state(array(
     'sigla' => 'RJ',
     'valor' => '41',
     'periodo' => '2005-01-01',
  )),
  55 => 
  stdClass::__set_state(array(
     'sigla' => 'RJ',
     'valor' => '41',
     'periodo' => '2006-01-01',
  )),
  56 => 
  stdClass::__set_state(array(
     'sigla' => 'RJ',
     'valor' => '41',
     'periodo' => '2007-01-01',
  )),
  57 => 
  stdClass::__set_state(array(
     'sigla' => 'RJ',
     'valor' => '41',
     'periodo' => '2007-01-01',
  )),
  58 => 
  stdClass::__set_state(array(
     'sigla' => 'RJ',
     'valor' => '41',
     'periodo' => '2009-01-01',
  )),
  59 => 
  stdClass::__set_state(array(
     'sigla' => 'RJ',
     'valor' => '41',
     'periodo' => '2010-01-01',
  )),
  60 => 
  stdClass::__set_state(array(
     'sigla' => 'RJ',
     'valor' => '41',
     'periodo' => '2012-01-01',
  )),
  61 => 
  stdClass::__set_state(array(
     'sigla' => 'RJ',
     'valor' => '41',
     'periodo' => '2013-01-01',
  )),
  62 => 
  stdClass::__set_state(array(
     'sigla' => 'RJ',
     'valor' => '41',
     'periodo' => '2014-01-01',
  )),
  63 => 
  stdClass::__set_state(array(
     'sigla' => 'RJ',
     'valor' => '41',
     'periodo' => '2015-01-01',
  )),
  64 => 
  stdClass::__set_state(array(
     'sigla' => 'RJ',
     'valor' => '41',
     'periodo' => '2016-01-01',
  )),
  65 => 
  stdClass::__set_state(array(
     'sigla' => 'RJ',
     'valor' => '41',
     'periodo' => '2017-01-01',
  )),
  66 => 
  stdClass::__set_state(array(
     'sigla' => 'RJ',
     'valor' => '41',
     'periodo' => '2017-01-01',
  )),
  67 => 
  stdClass::__set_state(array(
     'sigla' => 'RJ',
     'valor' => '41',
     'periodo' => '2019-01-01',
  )),
  68 => 
  stdClass::__set_state(array(
     'sigla' => 'SP',
     'valor' => '25',
     'periodo' => '1995-01-01',
  )),
  69 => 
  stdClass::__set_state(array(
     'sigla' => 'SP',
     'valor' => '17',
     'periodo' => '1997-01-01',
  )),
  70 => 
  stdClass::__set_state(array(
     'sigla' => 'SP',
     'valor' => '17',
     'periodo' => '1997-01-01',
  )),
  71 => 
  stdClass::__set_state(array(
     'sigla' => 'SP',
     'valor' => '17',
     'periodo' => '1999-01-01',
  )),
  72 => 
  stdClass::__set_state(array(
     'sigla' => 'SP',
     'valor' => '17',
     'periodo' => '2000-01-01',
  )),
  73 => 
  stdClass::__set_state(array(
     'sigla' => 'SP',
     'valor' => '17',
     'periodo' => '2001-01-01',
  )),
  74 => 
  stdClass::__set_state(array(
     'sigla' => 'SP',
     'valor' => '17',
     'periodo' => '2002-01-01',
  )),
  75 => 
  stdClass::__set_state(array(
     'sigla' => 'SP',
     'valor' => '17',
     'periodo' => '2003-01-01',
  )),
  76 => 
  stdClass::__set_state(array(
     'sigla' => 'SP',
     'valor' => '17',
     'periodo' => '2004-01-01',
  )),
  77 => 
  stdClass::__set_state(array(
     'sigla' => 'SP',
     'valor' => '17',
     'periodo' => '2005-01-01',
  )),
  78 => 
  stdClass::__set_state(array(
     'sigla' => 'SP',
     'valor' => '17',
     'periodo' => '2006-01-01',
  )),
  79 => 
  stdClass::__set_state(array(
     'sigla' => 'SP',
     'valor' => '17',
     'periodo' => '2007-01-01',
  )),
  80 => 
  stdClass::__set_state(array(
     'sigla' => 'SP',
     'valor' => '17',
     'periodo' => '2007-01-01',
  )),
  81 => 
  stdClass::__set_state(array(
     'sigla' => 'SP',
     'valor' => '17',
     'periodo' => '2009-01-01',
  )),
  82 => 
  stdClass::__set_state(array(
     'sigla' => 'SP',
     'valor' => '17',
     'periodo' => '2010-01-01',
  )),
  83 => 
  stdClass::__set_state(array(
     'sigla' => 'SP',
     'valor' => '17',
     'periodo' => '2012-01-01',
  )),
  84 => 
  stdClass::__set_state(array(
     'sigla' => 'SP',
     'valor' => '17',
     'periodo' => '2013-01-01',
  )),
  85 => 
  stdClass::__set_state(array(
     'sigla' => 'SP',
     'valor' => '17',
     'periodo' => '2014-01-01',
  )),
  86 => 
  stdClass::__set_state(array(
     'sigla' => 'SP',
     'valor' => '17',
     'periodo' => '2015-01-01',
  )),
  87 => 
  stdClass::__set_state(array(
     'sigla' => 'SP',
     'valor' => '41',
     'periodo' => '2016-01-01',
  )),
  88 => 
  stdClass::__set_state(array(
     'sigla' => 'SP',
     'valor' => '17',
     'periodo' => '2017-01-01',
  )),
  89 => 
  stdClass::__set_state(array(
     'sigla' => 'SP',
     'valor' => '31',
     'periodo' => '2017-01-01',
  )),
  90 => 
  stdClass::__set_state(array(
     'sigla' => 'SP',
     'valor' => '31',
     'periodo' => '2017-01-01',
  )),
  91 => 
  stdClass::__set_state(array(
     'sigla' => 'SP',
     'valor' => '31',
     'periodo' => '2019-01-01',
  )),
)  
[2018-08-15 00:00:27] local.INFO: =============================================================  
[2018-08-15 00:00:27] local.INFO: =============================================================  
[2018-08-15 00:00:28] local.INFO: array (
  0 => 
  array (
    'query' => 'select valores_series.valor, valores_series.periodo, spat.ed_territorios_uf.edterritorios_sigla as sigla, spat.ed_territorios_uf.edterritorios_nome as nome from "valores_series" inner join "spat"."ed_territorios_uf" on "valores_series"."regiao_id" = "spat"."ed_territorios_uf"."edterritorios_codigo" where "valores_series"."serie_id" = ? and "valores_series"."tipo_regiao" = ? and ("valores_series"."periodo" = ? or "valores_series"."periodo" = ?) and "spat"."ed_territorios_uf"."edterritorios_codigo" in (?, ?, ?, ?, ?, ?, ?, ?, ?, ?, ?, ?, ?, ?, ?, ?, ?, ?, ?, ?, ?, ?, ?, ?, ?, ?, ?) order by spat.ed_territorios_uf.edterritorios_sigla, valores_series.periodo asc',
    'bindings' => 
    array (
      0 => '2',
      1 => '3',
      2 => '1995-01-01',
      3 => '2019-01-01',
      4 => '11',
      5 => '12',
      6 => '13',
      7 => '14',
      8 => '15',
      9 => '16',
      10 => '17',
      11 => '23',
      12 => '27',
      13 => '29',
      14 => '33',
      15 => '35',
      16 => '53',
      17 => '21',
      18 => '22',
      19 => '24',
      20 => '25',
      21 => '26',
      22 => '28',
      23 => '31',
      24 => '32',
      25 => '41',
      26 => '42',
      27 => '43',
      28 => '50',
      29 => '51',
      30 => '52',
    ),
    'time' => 3.6,
  ),
)  
[2018-08-15 00:00:28] local.INFO: ======================================================================  
[2018-08-15 00:00:28] local.INFO: array (
  0 => 
  array (
    'query' => 'select 
                    ST_AsGeoJSON(spat.ed_territorios_uf.edterritorios_geometry) as geometry, 
                    valores_series.valor as total, 
                    spat.ed_territorios_uf.edterritorios_sigla as sigla,
                    spat.ed_territorios_uf.edterritorios_nome as nome, 
                    ST_X(spat.ed_territorios_uf.edterritorios_centroide) as x, 
                    ST_Y(spat.ed_territorios_uf.edterritorios_centroide) as y
                     from "valores_series" inner join "spat"."ed_territorios_uf" on "valores_series"."regiao_id" = "spat"."ed_territorios_uf"."edterritorios_codigo" where ("valores_series"."serie_id" = ? and "valores_series"."periodo" = ? and "valores_series"."tipo_regiao" = ?) and "spat"."ed_territorios_uf"."edterritorios_data_inicial" <= ? and "spat"."ed_territorios_uf"."edterritorios_data_final" >= ? and "spat"."ed_territorios_uf"."edterritorios_codigo" in (?, ?, ?, ?, ?, ?, ?, ?, ?, ?, ?, ?, ?, ?, ?, ?, ?, ?, ?, ?, ?, ?, ?, ?, ?, ?, ?) order by "total" asc',
    'bindings' => 
    array (
      0 => '2',
      1 => '2019-01-01',
      2 => '3',
      3 => '2019-01-01',
      4 => '2019-01-01',
      5 => '11',
      6 => '12',
      7 => '13',
      8 => '14',
      9 => '15',
      10 => '16',
      11 => '17',
      12 => '23',
      13 => '27',
      14 => '29',
      15 => '33',
      16 => '35',
      17 => '53',
      18 => '21',
      19 => '22',
      20 => '24',
      21 => '25',
      22 => '26',
      23 => '28',
      24 => '31',
      25 => '32',
      26 => '41',
      27 => '42',
      28 => '43',
      29 => '50',
      30 => '51',
      31 => '52',
    ),
    'time' => 50.48,
  ),
  1 => 
  array (
    'query' => 'select   
                    ST_AsGeoJSON(ST_ConvexHull(ST_Collect(spat.ed_territorios_uf.edterritorios_bounding_box)))  as bounding_box_total
                     from "valores_series" inner join "spat"."ed_territorios_uf" on "valores_series"."regiao_id" = "spat"."ed_territorios_uf"."edterritorios_codigo" where ("valores_series"."serie_id" = ? and "valores_series"."periodo" = ? and "valores_series"."tipo_regiao" = ?) and "spat"."ed_territorios_uf"."edterritorios_data_inicial" <= ? and "spat"."ed_territorios_uf"."edterritorios_data_final" >= ? and "spat"."ed_territorios_uf"."edterritorios_codigo" in (?, ?, ?, ?, ?, ?, ?, ?, ?, ?, ?, ?, ?, ?, ?, ?, ?, ?, ?, ?, ?, ?, ?, ?, ?, ?, ?)',
    'bindings' => 
    array (
      0 => '2',
      1 => '2019-01-01',
      2 => '3',
      3 => '2019-01-01',
      4 => '2019-01-01',
      5 => '11',
      6 => '12',
      7 => '13',
      8 => '14',
      9 => '15',
      10 => '16',
      11 => '17',
      12 => '23',
      13 => '27',
      14 => '29',
      15 => '33',
      16 => '35',
      17 => '53',
      18 => '21',
      19 => '22',
      20 => '24',
      21 => '25',
      22 => '26',
      23 => '28',
      24 => '31',
      25 => '32',
      26 => '41',
      27 => '42',
      28 => '43',
      29 => '50',
      30 => '51',
      31 => '52',
    ),
    'time' => 1.51,
  ),
)  
