0 info it worked if it ends with ok
1 verbose cli [ '/usr/bin/nodejs', '/usr/bin/npm', 'install' ]
2 info using npm@1.3.10
3 info using node@v0.10.25
4 verbose readDependencies using package.json deps
5 verbose install where, deps [ '/var/www/html/ipeaviolencia',
5 verbose install   [ 'laravel-elixir',
5 verbose install     'bootstrap-sass',
5 verbose install     'gulp-sass',
5 verbose install     '@babel/preset-react',
5 verbose install     'babel-cli',
5 verbose install     'babel-preset-react',
5 verbose install     'gulp' ] ]
6 info preinstall @
7 verbose readDependencies using package.json deps
8 verbose cache add [ 'laravel-elixir@^5.0.0', null ]
9 verbose cache add name=undefined spec="laravel-elixir@^5.0.0" args=["laravel-elixir@^5.0.0",null]
10 verbose parsed url { protocol: null,
10 verbose parsed url   slashes: null,
10 verbose parsed url   auth: null,
10 verbose parsed url   host: null,
10 verbose parsed url   port: null,
10 verbose parsed url   hostname: null,
10 verbose parsed url   hash: null,
10 verbose parsed url   search: null,
10 verbose parsed url   query: null,
10 verbose parsed url   pathname: 'laravel-elixir@^5.0.0',
10 verbose parsed url   path: 'laravel-elixir@^5.0.0',
10 verbose parsed url   href: 'laravel-elixir@^5.0.0' }
11 verbose cache add name="laravel-elixir" spec="^5.0.0" args=["laravel-elixir","^5.0.0"]
12 verbose parsed url { protocol: null,
12 verbose parsed url   slashes: null,
12 verbose parsed url   auth: null,
12 verbose parsed url   host: null,
12 verbose parsed url   port: null,
12 verbose parsed url   hostname: null,
12 verbose parsed url   hash: null,
12 verbose parsed url   search: null,
12 verbose parsed url   query: null,
12 verbose parsed url   pathname: '^5.0.0',
12 verbose parsed url   path: '^5.0.0',
12 verbose parsed url   href: '^5.0.0' }
13 verbose addNamed [ 'laravel-elixir', '^5.0.0' ]
14 verbose addNamed [ null, '>=5.0.0-0 <6.0.0-0' ]
15 verbose cache add [ 'bootstrap-sass@^3.0.0', null ]
16 verbose cache add name=undefined spec="bootstrap-sass@^3.0.0" args=["bootstrap-sass@^3.0.0",null]
17 verbose parsed url { protocol: null,
17 verbose parsed url   slashes: null,
17 verbose parsed url   auth: null,
17 verbose parsed url   host: null,
17 verbose parsed url   port: null,
17 verbose parsed url   hostname: null,
17 verbose parsed url   hash: null,
17 verbose parsed url   search: null,
17 verbose parsed url   query: null,
17 verbose parsed url   pathname: 'bootstrap-sass@^3.0.0',
17 verbose parsed url   path: 'bootstrap-sass@^3.0.0',
17 verbose parsed url   href: 'bootstrap-sass@^3.0.0' }
18 verbose cache add name="bootstrap-sass" spec="^3.0.0" args=["bootstrap-sass","^3.0.0"]
19 verbose parsed url { protocol: null,
19 verbose parsed url   slashes: null,
19 verbose parsed url   auth: null,
19 verbose parsed url   host: null,
19 verbose parsed url   port: null,
19 verbose parsed url   hostname: null,
19 verbose parsed url   hash: null,
19 verbose parsed url   search: null,
19 verbose parsed url   query: null,
19 verbose parsed url   pathname: '^3.0.0',
19 verbose parsed url   path: '^3.0.0',
19 verbose parsed url   href: '^3.0.0' }
20 verbose addNamed [ 'bootstrap-sass', '^3.0.0' ]
21 verbose addNamed [ null, '>=3.0.0-0 <4.0.0-0' ]
22 verbose cache add [ '@babel/preset-react@^7.0.0', null ]
23 verbose cache add name=undefined spec="@babel/preset-react@^7.0.0" args=["@babel/preset-react@^7.0.0",null]
24 verbose parsed url { protocol: null,
24 verbose parsed url   slashes: null,
24 verbose parsed url   auth: null,
24 verbose parsed url   host: null,
24 verbose parsed url   port: null,
24 verbose parsed url   hostname: null,
24 verbose parsed url   hash: null,
24 verbose parsed url   search: null,
24 verbose parsed url   query: null,
24 verbose parsed url   pathname: '@babel/preset-react@^7.0.0',
24 verbose parsed url   path: '@babel/preset-react@^7.0.0',
24 verbose parsed url   href: '@babel/preset-react@^7.0.0' }
25 verbose cache add name="" spec="babel/preset-react@^7.0.0" args=["","babel/preset-react@^7.0.0"]
26 verbose parsed url { protocol: null,
26 verbose parsed url   slashes: null,
26 verbose parsed url   auth: null,
26 verbose parsed url   host: null,
26 verbose parsed url   port: null,
26 verbose parsed url   hostname: null,
26 verbose parsed url   hash: null,
26 verbose parsed url   search: null,
26 verbose parsed url   query: null,
26 verbose parsed url   pathname: 'babel/preset-react@^7.0.0',
26 verbose parsed url   path: 'babel/preset-react@^7.0.0',
26 verbose parsed url   href: 'babel/preset-react@^7.0.0' }
27 verbose cache add name="babel/preset-react" spec="^7.0.0" args=["babel/preset-react","^7.0.0"]
28 verbose parsed url { protocol: null,
28 verbose parsed url   slashes: null,
28 verbose parsed url   auth: null,
28 verbose parsed url   host: null,
28 verbose parsed url   port: null,
28 verbose parsed url   hostname: null,
28 verbose parsed url   hash: null,
28 verbose parsed url   search: null,
28 verbose parsed url   query: null,
28 verbose parsed url   pathname: '^7.0.0',
28 verbose parsed url   path: '^7.0.0',
28 verbose parsed url   href: '^7.0.0' }
29 verbose addNamed [ 'babel/preset-react', '^7.0.0' ]
30 verbose addNamed [ null, '>=7.0.0-0 <8.0.0-0' ]
31 verbose cache add [ 'gulp-sass@3.0.0', null ]
32 verbose cache add name=undefined spec="gulp-sass@3.0.0" args=["gulp-sass@3.0.0",null]
33 verbose parsed url { protocol: null,
33 verbose parsed url   slashes: null,
33 verbose parsed url   auth: null,
33 verbose parsed url   host: null,
33 verbose parsed url   port: null,
33 verbose parsed url   hostname: null,
33 verbose parsed url   hash: null,
33 verbose parsed url   search: null,
33 verbose parsed url   query: null,
33 verbose parsed url   pathname: 'gulp-sass@3.0.0',
33 verbose parsed url   path: 'gulp-sass@3.0.0',
33 verbose parsed url   href: 'gulp-sass@3.0.0' }
34 verbose cache add name="gulp-sass" spec="3.0.0" args=["gulp-sass","3.0.0"]
35 verbose parsed url { protocol: null,
35 verbose parsed url   slashes: null,
35 verbose parsed url   auth: null,
35 verbose parsed url   host: null,
35 verbose parsed url   port: null,
35 verbose parsed url   hostname: null,
35 verbose parsed url   hash: null,
35 verbose parsed url   search: null,
35 verbose parsed url   query: null,
35 verbose parsed url   pathname: '3.0.0',
35 verbose parsed url   path: '3.0.0',
35 verbose parsed url   href: '3.0.0' }
36 verbose addNamed [ 'gulp-sass', '3.0.0' ]
37 verbose addNamed [ '3.0.0', '3.0.0' ]
38 verbose cache add [ 'babel-cli@^6.26.0', null ]
39 verbose cache add name=undefined spec="babel-cli@^6.26.0" args=["babel-cli@^6.26.0",null]
40 verbose parsed url { protocol: null,
40 verbose parsed url   slashes: null,
40 verbose parsed url   auth: null,
40 verbose parsed url   host: null,
40 verbose parsed url   port: null,
40 verbose parsed url   hostname: null,
40 verbose parsed url   hash: null,
40 verbose parsed url   search: null,
40 verbose parsed url   query: null,
40 verbose parsed url   pathname: 'babel-cli@^6.26.0',
40 verbose parsed url   path: 'babel-cli@^6.26.0',
40 verbose parsed url   href: 'babel-cli@^6.26.0' }
41 verbose cache add name="babel-cli" spec="^6.26.0" args=["babel-cli","^6.26.0"]
42 verbose parsed url { protocol: null,
42 verbose parsed url   slashes: null,
42 verbose parsed url   auth: null,
42 verbose parsed url   host: null,
42 verbose parsed url   port: null,
42 verbose parsed url   hostname: null,
42 verbose parsed url   hash: null,
42 verbose parsed url   search: null,
42 verbose parsed url   query: null,
42 verbose parsed url   pathname: '^6.26.0',
42 verbose parsed url   path: '^6.26.0',
42 verbose parsed url   href: '^6.26.0' }
43 verbose addNamed [ 'babel-cli', '^6.26.0' ]
44 verbose addNamed [ null, '>=6.26.0-0 <7.0.0-0' ]
45 silly lockFile 055fb59e-laravel-elixir-5-0-0 laravel-elixir@^5.0.0
46 verbose lock laravel-elixir@^5.0.0 /home/DLIPEA/b122692866/.npm/055fb59e-laravel-elixir-5-0-0.lock
47 silly lockFile d9f814aa-bootstrap-sass-3-0-0 bootstrap-sass@^3.0.0
48 verbose lock bootstrap-sass@^3.0.0 /home/DLIPEA/b122692866/.npm/d9f814aa-bootstrap-sass-3-0-0.lock
49 silly lockFile 1a3237e8-babel-preset-react-7-0-0 babel/preset-react@^7.0.0
50 verbose lock babel/preset-react@^7.0.0 /home/DLIPEA/b122692866/.npm/1a3237e8-babel-preset-react-7-0-0.lock
51 silly lockFile 057edb3e-gulp-sass-3-0-0 gulp-sass@3.0.0
52 verbose lock gulp-sass@3.0.0 /home/DLIPEA/b122692866/.npm/057edb3e-gulp-sass-3-0-0.lock
53 silly lockFile ee60de24-babel-cli-6-26-0 babel-cli@^6.26.0
54 verbose lock babel-cli@^6.26.0 /home/DLIPEA/b122692866/.npm/ee60de24-babel-cli-6-26-0.lock
55 verbose cache add [ 'babel-preset-react@^6.24.1', null ]
56 verbose cache add name=undefined spec="babel-preset-react@^6.24.1" args=["babel-preset-react@^6.24.1",null]
57 verbose parsed url { protocol: null,
57 verbose parsed url   slashes: null,
57 verbose parsed url   auth: null,
57 verbose parsed url   host: null,
57 verbose parsed url   port: null,
57 verbose parsed url   hostname: null,
57 verbose parsed url   hash: null,
57 verbose parsed url   search: null,
57 verbose parsed url   query: null,
57 verbose parsed url   pathname: 'babel-preset-react@^6.24.1',
57 verbose parsed url   path: 'babel-preset-react@^6.24.1',
57 verbose parsed url   href: 'babel-preset-react@^6.24.1' }
58 verbose cache add name="babel-preset-react" spec="^6.24.1" args=["babel-preset-react","^6.24.1"]
59 verbose parsed url { protocol: null,
59 verbose parsed url   slashes: null,
59 verbose parsed url   auth: null,
59 verbose parsed url   host: null,
59 verbose parsed url   port: null,
59 verbose parsed url   hostname: null,
59 verbose parsed url   hash: null,
59 verbose parsed url   search: null,
59 verbose parsed url   query: null,
59 verbose parsed url   pathname: '^6.24.1',
59 verbose parsed url   path: '^6.24.1',
59 verbose parsed url   href: '^6.24.1' }
60 verbose addNamed [ 'babel-preset-react', '^6.24.1' ]
61 verbose addNamed [ null, '>=6.24.1-0 <7.0.0-0' ]
62 silly lockFile 6ab75844-babel-preset-react-6-24-1 babel-preset-react@^6.24.1
63 verbose lock babel-preset-react@^6.24.1 /home/DLIPEA/b122692866/.npm/6ab75844-babel-preset-react-6-24-1.lock
64 verbose cache add [ 'gulp@^3.9.1', null ]
65 verbose cache add name=undefined spec="gulp@^3.9.1" args=["gulp@^3.9.1",null]
66 verbose parsed url { protocol: null,
66 verbose parsed url   slashes: null,
66 verbose parsed url   auth: null,
66 verbose parsed url   host: null,
66 verbose parsed url   port: null,
66 verbose parsed url   hostname: null,
66 verbose parsed url   hash: null,
66 verbose parsed url   search: null,
66 verbose parsed url   query: null,
66 verbose parsed url   pathname: 'gulp@^3.9.1',
66 verbose parsed url   path: 'gulp@^3.9.1',
66 verbose parsed url   href: 'gulp@^3.9.1' }
67 verbose cache add name="gulp" spec="^3.9.1" args=["gulp","^3.9.1"]
68 verbose parsed url { protocol: null,
68 verbose parsed url   slashes: null,
68 verbose parsed url   auth: null,
68 verbose parsed url   host: null,
68 verbose parsed url   port: null,
68 verbose parsed url   hostname: null,
68 verbose parsed url   hash: null,
68 verbose parsed url   search: null,
68 verbose parsed url   query: null,
68 verbose parsed url   pathname: '^3.9.1',
68 verbose parsed url   path: '^3.9.1',
68 verbose parsed url   href: '^3.9.1' }
69 verbose addNamed [ 'gulp', '^3.9.1' ]
70 verbose addNamed [ null, '>=3.9.1-0 <4.0.0-0' ]
71 silly lockFile e5c114fc-gulp-3-9-1 gulp@^3.9.1
72 verbose lock gulp@^3.9.1 /home/DLIPEA/b122692866/.npm/e5c114fc-gulp-3-9-1.lock
73 silly addNameRange { name: 'laravel-elixir',
73 silly addNameRange   range: '>=5.0.0-0 <6.0.0-0',
73 silly addNameRange   hasData: false }
74 silly addNameRange { name: 'bootstrap-sass',
74 silly addNameRange   range: '>=3.0.0-0 <4.0.0-0',
74 silly addNameRange   hasData: false }
75 silly addNameRange { name: 'babel/preset-react',
75 silly addNameRange   range: '>=7.0.0-0 <8.0.0-0',
75 silly addNameRange   hasData: false }
76 silly addNameRange { name: 'babel-cli',
76 silly addNameRange   range: '>=6.26.0-0 <7.0.0-0',
76 silly addNameRange   hasData: false }
77 silly addNameRange { name: 'babel-preset-react',
77 silly addNameRange   range: '>=6.24.1-0 <7.0.0-0',
77 silly addNameRange   hasData: false }
78 silly addNameRange { name: 'gulp', range: '>=3.9.1-0 <4.0.0-0', hasData: false }
79 verbose url raw laravel-elixir
80 verbose url resolving [ 'https://registry.npmjs.org/', './laravel-elixir' ]
81 verbose url resolved https://registry.npmjs.org/laravel-elixir
82 info trying registry request attempt 1 at 20:13:57
83 http GET https://registry.npmjs.org/laravel-elixir
84 verbose url raw bootstrap-sass
85 verbose url resolving [ 'https://registry.npmjs.org/', './bootstrap-sass' ]
86 verbose url resolved https://registry.npmjs.org/bootstrap-sass
87 info trying registry request attempt 1 at 20:13:57
88 http GET https://registry.npmjs.org/bootstrap-sass
89 verbose url raw babel/preset-react
90 verbose url resolving [ 'https://registry.npmjs.org/', './babel/preset-react' ]
91 verbose url resolved https://registry.npmjs.org/babel/preset-react
92 info trying registry request attempt 1 at 20:13:57
93 http GET https://registry.npmjs.org/babel/preset-react
94 verbose url raw gulp-sass/3.0.0
95 verbose url resolving [ 'https://registry.npmjs.org/', './gulp-sass/3.0.0' ]
96 verbose url resolved https://registry.npmjs.org/gulp-sass/3.0.0
97 info trying registry request attempt 1 at 20:13:57
98 http GET https://registry.npmjs.org/gulp-sass/3.0.0
99 verbose url raw babel-cli
100 verbose url resolving [ 'https://registry.npmjs.org/', './babel-cli' ]
101 verbose url resolved https://registry.npmjs.org/babel-cli
102 info trying registry request attempt 1 at 20:13:57
103 http GET https://registry.npmjs.org/babel-cli
104 verbose url raw babel-preset-react
105 verbose url resolving [ 'https://registry.npmjs.org/', './babel-preset-react' ]
106 verbose url resolved https://registry.npmjs.org/babel-preset-react
107 info trying registry request attempt 1 at 20:13:57
108 http GET https://registry.npmjs.org/babel-preset-react
109 verbose url raw gulp
110 verbose url resolving [ 'https://registry.npmjs.org/', './gulp' ]
111 verbose url resolved https://registry.npmjs.org/gulp
112 info trying registry request attempt 1 at 20:13:57
113 http GET https://registry.npmjs.org/gulp
114 info retry will retry, error on last attempt: Error: CERT_UNTRUSTED
115 info retry will retry, error on last attempt: Error: CERT_UNTRUSTED
116 info retry will retry, error on last attempt: Error: CERT_UNTRUSTED
117 info retry will retry, error on last attempt: Error: CERT_UNTRUSTED
118 info retry will retry, error on last attempt: Error: CERT_UNTRUSTED
119 info retry will retry, error on last attempt: Error: CERT_UNTRUSTED
120 info retry will retry, error on last attempt: Error: CERT_UNTRUSTED
121 info trying registry request attempt 2 at 20:14:07
122 http GET https://registry.npmjs.org/babel-cli
123 info trying registry request attempt 2 at 20:14:07
124 http GET https://registry.npmjs.org/laravel-elixir
125 info trying registry request attempt 2 at 20:14:07
126 http GET https://registry.npmjs.org/bootstrap-sass
127 info trying registry request attempt 2 at 20:14:07
128 http GET https://registry.npmjs.org/gulp
129 info trying registry request attempt 2 at 20:14:07
130 http GET https://registry.npmjs.org/babel-preset-react
131 info retry will retry, error on last attempt: Error: CERT_UNTRUSTED
132 info retry will retry, error on last attempt: Error: CERT_UNTRUSTED
133 info retry will retry, error on last attempt: Error: CERT_UNTRUSTED
134 info retry will retry, error on last attempt: Error: CERT_UNTRUSTED
135 info retry will retry, error on last attempt: Error: CERT_UNTRUSTED
136 info trying registry request attempt 2 at 20:14:12
137 http GET https://registry.npmjs.org/babel/preset-react
138 info trying registry request attempt 2 at 20:14:12
139 http GET https://registry.npmjs.org/gulp-sass/3.0.0
140 info retry will retry, error on last attempt: Error: CERT_UNTRUSTED
141 info retry will retry, error on last attempt: Error: CERT_UNTRUSTED
142 info trying registry request attempt 3 at 20:15:07
143 http GET https://registry.npmjs.org/babel-cli
144 info trying registry request attempt 3 at 20:15:07
145 http GET https://registry.npmjs.org/laravel-elixir
146 info trying registry request attempt 3 at 20:15:07
147 http GET https://registry.npmjs.org/bootstrap-sass
148 info trying registry request attempt 3 at 20:15:07
149 http GET https://registry.npmjs.org/gulp
150 info trying registry request attempt 3 at 20:15:07
151 http GET https://registry.npmjs.org/babel-preset-react
152 silly lockFile ee60de24-babel-cli-6-26-0 babel-cli@^6.26.0
153 silly lockFile ee60de24-babel-cli-6-26-0 babel-cli@^6.26.0
154 error Error: CERT_UNTRUSTED
154 error     at SecurePair.<anonymous> (tls.js:1370:32)
154 error     at SecurePair.EventEmitter.emit (events.js:92:17)
154 error     at SecurePair.maybeInitFinished (tls.js:982:10)
154 error     at CleartextStream.read [as _read] (tls.js:469:13)
154 error     at CleartextStream.Readable.read (_stream_readable.js:320:10)
154 error     at EncryptedStream.write [as _write] (tls.js:366:25)
154 error     at doWrite (_stream_writable.js:223:10)
154 error     at writeOrBuffer (_stream_writable.js:213:5)
154 error     at EncryptedStream.Writable.write (_stream_writable.js:180:11)
154 error     at write (_stream_readable.js:583:24)
154 error     at flow (_stream_readable.js:592:7)
155 error If you need help, you may report this log at:
155 error     <http://github.com/isaacs/npm/issues>
155 error or email it to:
155 error     <npm-@googlegroups.com>
156 error System Linux 4.4.0-31-generic
157 error command "/usr/bin/nodejs" "/usr/bin/npm" "install"
158 error cwd /var/www/html/ipeaviolencia
159 error node -v v0.10.25
160 error npm -v 1.3.10
161 verbose exit [ 1, true ]
